[1] "Starting at:  2016-01-22 17:23:37"
[1] "Source: Blog - Number of Bigrams:  797,025"
[1] "Source: Blog - Keeping:  797,025 Bigrams"
[1] "Current Time: 2016-01-22 17:24:12 - Running time:  0:00:35"
[1] "Proc time: "
   user  system elapsed 
 32.715   1.047  35.088 
[1] "Source: News - Number of Bigrams:  5,538,154"
[1] "Source: News - Keeping:  5,538,153 Bigrams"
[1] "Current Time: 2016-01-22 17:44:58 - Running time:  0:21:21"
[1] "Proc time: "
    user   system  elapsed 
1152.641   52.764 1281.407 
[1] "Source: Twitter - Number of Bigrams:  523,317"
[1] "Source: Twitter - Keeping:  523,317 Bigrams"
[1] "Current Time: 2016-01-22 17:48:07 - Running time:  0:24:30"
[1] "Proc time: "
    user   system  elapsed 
1308.506   69.316 1470.641 
           used   (Mb) gc trigger   (Mb) max used   (Mb)
Ncells 19317500 1031.7   43523207 2324.4 43523207 2324.4
Vcells 26606169  203.0   74705288  570.0 90967226  694.1
